On branch master
Your branch is up-to-date with 'origin/master'.
Changes not staged for commit:
  (use "git add <file>..." to update what will be committed)
  (use "git checkout -- <file>..." to discard changes in working directory)

	modified:   ProjectAnalyze.sh
	modified:   changes.log
	modified:   error.log
	modified:   hello.hs

Untracked files:
  (use "git add <file>..." to include in what will be committed)

	.hpc/
	hello
	hello.exe
	hello.hi
	hello.hs.exe
	hello.hs.exe.tix
	hello.o
	hello.sh
	hpc-0.6.0.3/
	hpc.log
	ttt.txt

no changes added to commit (use "git add" and/or "git commit -a")
